[2026年 4月10日 星期五 23时25分17秒 CST] Starting TriSignal V4.0...
The snapshot write was blocked — I'll output the full result directly.

---

```
═══════════════════════════════════════════════════
  TriSignal Trader V4.0  2026/04/10 20:00  [PAPER]
═══════════════════════════════════════════════════

【执行概览】
执行时间：2026/04/10 20:00（4H bar close）
执行模式：paper
分析周期：4h
可用标的：BTC-USDT-SWAP / ETH-USDT-SWAP / SOL-USDT-SWAP / XRP-USDT-SWAP
跳过标的及原因：无（全部接口正常，数据完整）

【评分结果】

BTC：8/10
  MA5(72007) > MA10(71724) > MA20(71137) > MA60(68859) 完美多头排列，间距发散
  DIF=901 > DEA=883 > 0，Hist=+36.56 强势正柱
  价格从66290(3/28)→72892(4/10)，高点抬高低点抬高，结构清晰
  Funding=-0.00184%（极低，无拥挤）；ATR=1048（1.44%，合理）

ETH：5/10
  MA5(2202) > MA10(2198) > MA20(2192) > MA60(2120) 排列尚可但间距极小
  DIF=24.5 < DEA=26.0，Hist=-3.00 负柱 → MACD死叉，动能减弱
  价格4/8见顶2252后小幅回落，结构偏弱
  Funding=-0.00057%（极低）；ATR=42.22（1.88%，略高）

SOL：6.5/10
  MA5(83.50) > MA10(83.17) > MA20(82.95) > MA60(81.50) 多头排列
  DIF=0.631 > DEA=0.558 > 0，Hist=+0.147 正柱但极弱，动能不足
  价格从82.87(3/28)→84.96(4/10)，趋势存在但幅度有限
  Funding=+0.01%（低于阈值）；ATR=1.496（1.76%，合理）

XRP：4/10（已持有多头，不重复开仓）
  MA结构混乱：MA20(1.3440) > MA5(1.3431) > MA10(1.3413)，非标准排列
  DIF=0.00405 < DEA=0.00470，Hist=-0.00131 负柱
  价格区间震荡，无明显趋势方向

【最优标的判断】
最优标的：BTC-USDT-SWAP（8/10，领先SOL 1.5分）
方向：做多
最终决策：观望

【核心依据】
均线结构：BTC完美多头排列；SOL次之；ETH间距过小；XRP混乱
MACD：BTC强势正柱；SOL正柱极弱；ETH/XRP均为负柱死叉
价格结构：BTC高低点持续抬高，趋势最清晰
OI：BTC=33561 BTC，ETH=719930 ETH，SOL=2648396 SOL，XRP=62882902 XRP
Funding：全部远低于0.1%阈值，无拥挤风险
ATR：各标的ATR均在合理范围（1.4%~1.9%）
事件面：无重大冲突事件

【仓位计算】
账户净值：2052.26 USDT
可用保证金：158.79 USDT（1893.48 冻结于 XRP 持仓）
风险额（3%）：61.57 USDT
预期开仓价（BTC）：72892
止损价：71434.2（-2%）
单位风险/合约：14.58 USDT（1合约=0.01 BTC）
计算sz：4合约
所需保证金（1合约@3x杠杆）：242.97 USDT
→ 可用保证金 158.79 USDT 不足，无法开仓

【风控结论】
满足开仓条件：否
触发funding拥挤：否
触发ATR过滤：否
触发账户级风控：否（持仓数=1，未超2个上限）
不开仓原因：BTC为最优标的，但可用保证金不足以开最小1合约（需243 USDT，仅有159 USDT）

【执行结果】
不执行原因：
  1. BTC信号最强(8/10)，但可用保证金不足以开最小仓位
  2. SOL次优(6.5/10)，虽可截断至5合约(需142 USDT保证金)，
     但BTC才是本轮唯一最优标的，降级至SOL属强行交易
  3. 策略原则：不要强行交易，信号不足时宁可观望

【当前持仓】
XRP-USDT-SWAP：多头 41合约，均价 1.3385，UPL=+63.37 USDT，3x杠杆

═══════════════════════════════════════════════════
```

**核心结论：** BTC信号最强且结构最清晰，但账户大部分保证金已锁定在XRP持仓中，可用余额不足以开BTC最小仓位。本轮输出**观望**，等待XRP仓位释放保证金或价格回调后再评估。
[2026年 4月10日 星期五 23时33分22秒 CST] Done (exit=0).
