[2026年 4月11日 星期六 08时09分20秒 CST] Starting TriSignal V4.1 (parallel data fetch)...
[2026年 4月11日 星期六 08时09分21秒 CST] Data fetch complete.
## Step 3：评分

**数据整理完毕，开始评分。**

---

### 各标的指标汇总

| 指标 | BTC | ETH | SOL | XRP |
|------|-----|-----|-----|-----|
| MA5 | 72690.4 | 2234.84 | 84.49 | 1.3521 |
| MA10 | 72267.9 | 2216.06 | 83.93 | 1.3487 |
| MA20 | 71789.7 | 2214.39 | 83.68 | 1.3514 |
| MA60 | 69097.8 | 2127.20 | 81.60 | 1.3309 |
| DIF | 949.0 | 27.29 | 0.82 | 0.0054 |
| DEA | 917.9 | 26.45 | 0.72 | 0.0050 |
| Hist | 62.1 | 1.68 | 0.19 | 0.0010 |
| ATR | 940.7 | 37.35 | 1.46 | 0.0180 |
| Funding | -0.000305% | -0.00617% | +0.00423% | +0.01% |

---

### 评分详情（7维度，满分10分）

**BTC — 7.9/10**

| 维度 | 分 | 说明 |
|------|----|------|
| 均线结构 | 9 | MA5>MA10>MA20>MA60 完美顺排，MA5-MA60 扩散达 5.2%，发散强劲 |
| MACD | 9 | DIF(949)>DEA(917.9)，Hist(62.1) 强势正值，远离零轴 |
| 价格结构 | 8 | 价格远高于 MA20/MA60，多头结构清晰 |
| OI | 6 | 仅有快照，无历史对比，中性 |
| Funding | 9 | -0.000305%，极近零轴，无拥挤 |
| ATR | 8 | 940.7 / 72690 ≈ 1.29%，波动合理 |
| 事件面 | 6 | 无外部事件数据，中性 |

> **注：BTC 已有同方向多头仓位（2张 @ 72916），不重复开仓，评分仅供参考。**

---

**ETH — 7.0/10**

| 维度 | 分 | 说明 |
|------|----|------|
| 均线结构 | 7 | MA5>MA10>MA20>MA60 顺排，但 MA10-MA20 极度压缩（仅 1.67，0.075%），发散不足 |
| MACD | 7 | DIF(27.29)>DEA(26.45)，Hist(1.68) 正值但偏弱，相对价格仅 0.075% |
| 价格结构 | 7 | 价格在 MA20 上方，但 MA10/MA20 压缩暗示近期整理 |
| OI | 6 | 中性 |
| Funding | 9 | -0.00617%，极近零轴，无拥挤 |
| ATR | 7 |
[2026年 4月11日 星期六 08时11分25秒 CST] Done (exit=0).
