[2026年 4月11日 星期六 07时57分52秒 CST] Starting TriSignal V4.0...
```
═══════════════════════════════════════════════════
  TriSignal Trader V4.0  [2026-04-11 08:00]  [LIVE]
═══════════════════════════════════════════════════

【执行概览】
执行时间：2026-04-11 08:00 CST
执行模式：live
分析周期：4h
可用标的：BTC / ETH / SOL / XRP
跳过标的：无

【评分结果】
BTC：7.9/10 — 完美多头均线顺排(MA5>MA10>MA20>MA60)，间距良好；
              MACD三线全部多头共振(DIF951.6>DEA907.3，Hist88.7>0)；
              资金费率≈0(-0.000112%)无拥挤；ATR1013.7(1.41%)合理
ETH：6.4/10 — 均线顺排但MA10(2209.85)/MA20(2207.95)间距仅1.9，压缩风险；
              MACD多头但Hist(1.57)偏弱；资金费率-0.00635%中性
SOL：6.4/10 — 均线顺排但MA10(83.69)/MA20(83.53)间距仅0.16，压缩明显；
              MACD Hist(0.22)中等；资金费率+0.00477%中性
XRP：3.9/10 — MA20(1.3494)>MA5(1.3485)，均线结构破坏；
              MACD极弱(Hist仅0.0004)；资金费率+0.01%为四者最高

【最优标的判断】
最优标的：BTC-USDT-SWAP
方向：做多
最终决策：开仓（BTC领先ETH/SOL 1.5分，结构最清晰）

【核心依据】
均线结构：MA5(72417.7)>MA10(72097.7)>MA20(71597.1)>MA60(69019.6) 完美顺排发散
MACD：    DIF(951.6)>DEA(907.3)>0，Hist(88.7)>0，强势多头共振
价格结构：收盘价在MA20上方，均线发散，高点抬高结构
OI：      33869.476 BTC，无明显异常
funding： -0.000112%，接近0，无多头拥挤
ATR：     1013.7（约1.41%），与趋势阶段匹配，合理
事件面：  无明确冲突事件，中性

【仓位计算】
账户净值：  2045.13 USDT
风险额：    61.35 USDT（净值×3%）
预期开仓价：72919.7
止损价：    71461.5（×0.98）
止盈价：    75836.5（×1.04）
单位风险：  14.58 USDT/张（1458.2×ctVal0.01）
原始sz：    4张 → 所需保证金972.3 USDT > 上限613.5 USDT
保证金截断：sz = floor(613.5×3/(0.01×72919.7)) = 2张
最终sz：    2张（实际保证金486.1 USDT，实际风险29.2 USDT/1.43%）

【风控结论】
满足开仓条件：是
触发 funding 拥挤：否（-0.000112%）
触发 ATR 过滤：否（1.41%合理）
触发账户级风控：否
触发保证金上限截断：是（sz从4降至2）

【执行结果】
下单标的：BTC-USDT-SWAP
下单方向：做多（long）
ordType：market
tag：agentTradeKit
sz：2张
下单结果：成功 ✓ orderId=3468294584264564736
止损价格：71461.5
止盈价格：75836.5
止损止盈状态：OCO已设置 ✓ algoId=3468294779896111104
盈亏比：2:1（止盈+4% / 止损-2%）

⚠️ 记录文件写入失败（工作区权限限制），完整JSON已在上方输出，请手动保存。

═══════════════════════════════════════════════════
```
