[2026年 4月10日 星期五 23时40分07秒 CST] Starting TriSignal V4.0...
记录文件需要权限，先输出完整结果，记录可稍后保存。

---

```
═══════════════════════════════════════════════════
  TriSignal Trader V4.0  2026/04/10 23:42  [paper]
═══════════════════════════════════════════════════

【执行概览】
执行时间：2026/04/10 23:42
执行模式：paper（模拟盘，理论记录）
分析周期：4h
可用标的：BTC / ETH / SOL / XRP（全部正常）
跳过标的：无

【评分结果】
BTC：8.0/10 — MA5>MA10>MA20>MA60完美顺排，价格72575在MA20(71121)上方；
              但MACD刚死叉(DIF=874.5, DEA=875.8, Hist=-2.6)，方向不一致；
              Funding=-0.00222%极低，ATR=1048(1.45%)合理。

ETH：6.8/10 — MA5>MA10>MA20>MA60完美顺排，价格2228在MA20(2192)上方；
              MACD死叉(DIF=23.4, DEA=25.8, Hist=-4.8)，ATR=46.9(2.1%)略高；
              Funding=-0.00114%极低。

SOL：9.0/10 — MA5>MA10>MA20>MA60完美顺排，价格84.47在MA20(82.93)上方；
              MACD多头共振(DIF=0.584>DEA=0.539, Hist=+0.091>0)，唯一正Hist标的；
              价格从78.8低点持续抬高，高低点结构良好；
              Funding=+0.01%极低，ATR=1.52(1.8%)合理。

XRP：5.3/10 — MA排列不完整(MA10=1.3409 < MA20=1.3438)；
              MACD死叉(Hist=-0.00183)；近期高点1.3891→1.3605降低；
              结构最弱，排除。

【最优标的判断】
最优标的：SOL-USDT-SWAP
方向：做多
最终决策：开仓

【核心依据】
均线结构：SOL MA5(83.40)>MA10(83.12)>MA20(82.93)>MA60(81.54) 顺排发散
MACD：    DIF(0.584)>DEA(0.539)，Hist=+0.091>0，四标的中唯一多头共振
价格结构：从4/7低点78.8反弹至84.47，高低点持续抬高，收盘在MA20上方1.85%
OI：      当前OI=2,652,914 SOL，无历史对比，中性处理
funding： +0.01%，远低于0.1%阈值，无拥挤
ATR：     1.52（约1.8%），与当前趋势阶段匹配，合理
事件面：  缺失，标记，不影响决策

【仓位计算】
账户净值：86,762.67 USDT
风险额：  2,602.88 USDT（3%）
预期开仓价：84.47
止损价：  82.78（×0.98）
止盈价：  87.85（×1.04）
单位风险：1.69 USDT/合约
计算出的 sz：1540 contracts
所需保证金(3x杠杆)：~43,381 USDT ✓（账户可用86,267 USDT）

【风控结论】
满足开仓条件：是
触发 funding 拥挤：否（0.01% << 0.1%）
触发 ATR 过滤：否（1.8%，合理区间）
触发账户级风控：否（当前持仓1个 < 上限2个，无对冲）

【执行结果】
  ⚠️ paper mode — 理论记录，不提交实际订单

  下单标的：SOL-USDT-SWAP
  下单方向：做多（buy / long）
  ordType：market
  tag：agentTradeKit
  sz：1540 contracts
  理论开仓价：~84.47
  止损价格：82.78
  止盈价格：87.85
  盈亏比：2:1
  止损止盈状态：paper模式，理论设置

═══════════════════════════════════════════════════
```

**补充说明：**

- BTC已有多头持仓（2合约，均价71680），即使评分第二也不重复开仓
- SOL是本轮唯一MACD多头共振标的，信号质量明显优于其他三个
- XRP因MA排列不完整直接排除
- ETH/BTC的MACD均处于死叉状态，信号质量弱于SOL

Decision snapshot 已准备好，如需保存到文件请授权写入 `trisignal_records/` 目录。
[2026年 4月10日 星期五 23时54分55秒 CST] Done (exit=0).
